#
# A fatal error has been detected by the Java Runtime Environment:
#
#  SIGBUS (0x7) at pc=0x00007f51413fdd10, pid=17250, tid=0x00007f50b64d1700
#
# JRE version: Java(TM) SE Runtime Environment (8.0_201-b09) (build 1.8.0_201-b09)
# Java VM: Java HotSpot(TM) 64-Bit Server VM (25.201-b09 mixed mode linux-amd64 compressed oops)
# Problematic frame:
# C  [libzip.so+0x11d10]  newEntry.isra.4+0x60
#
# Failed to write core dump. Core dumps have been disabled. To enable core dumping, try "ulimit -c unlimited" before starting Java again
#
# If you would like to submit a bug report, please visit:
#   http://bugreport.java.com/bugreport/crash.jsp
# The crash happened outside the Java Virtual Machine in native code.
# See problematic frame for where to report the bug.
#

---------------  T H R E A D  ---------------

Current thread (0x00007f513d16a800):  JavaThread "payara-executor-service-scheduled-task" [_thread_in_native, id=17294, stack(0x00007f50b63d1000,0x00007f50b64d2000)]

siginfo: si_signo: 7 (SIGBUS), si_code: 2 (BUS_ADRERR), si_addr: 0x00007f50d40351ae

Registers:
RAX=0x00007f507c46fe30, RBX=0x00007f507c4e7cc0, RCX=0x00007f507c0008d0, RDX=0x00007f507c46fe30
RSP=0x00007f50b64cc9d0, RBP=0x00007f50b64cca40, RSI=0x00007f507c0008e8, RDI=0x00007f507c65bee0
R8 =0x00000000fd5fe79e, R9 =0x0000000000000028, R10=0x00007f512d1f65d8, R11=0x00000007900f7810
R12=0x0000000000001190, R13=0x00000000fd5fe79e, R14=0x00007f507c46fe30, R15=0x00007f50d4035190
RIP=0x00007f51413fdd10, EFLAGS=0x0000000000010206, CSGSFS=0x002b000000000033, ERR=0x0000000000000004
  TRAPNO=0x000000000000000e

Top of Stack: (sp=0x00007f50b64cc9d0)
0x00007f50b64cc9d0:   00000007900ec5e8 00000007900f6b50
0x00007f50b64cc9e0:   0000000000000000 00007f513d16a800
0x00007f50b64cc9f0:   0000000000000000 0000000000000000
0x00007f50b64cca00:   00007f513d16a800 00000000430fa6e1
0x00007f50b64cca10:   0000000000000028 00007f507c37ce40
0x00007f50b64cca20:   0000000000000028 00000000fd5fe79e
0x00007f50b64cca30:   00007f507c4e7cc0 00007f507c324ac0
0x00007f50b64cca40:   00007f50b64cca90 00007f51413fe9fe
0x00007f50b64cca50:   01007f5000000028 00007f50b64ccab0
0x00007f50b64cca60:   00000007900eca18 0000000000000028
0x00007f50b64cca70:   00007f513d16a9f8 00007f50b64ccf08
0x00007f50b64cca80:   00007f50b64ccab0 00007f507c4e7cc0
0x00007f50b64cca90:   00007f50b64ccef0 00007f51413efa75
0x00007f50b64ccaa0:   00007f50b64ccac0 00007f5100000001
0x00007f50b64ccab0:   6d6972702f67726f 752f736563616665
0x00007f50b64ccac0:   706d6f432f6c6974 697455746e656e6f
0x00007f50b64ccad0:   7373616c632e736c 00000000900f0000
0x00007f50b64ccae0:   00000006c83ba148 00000007c000dc88
0x00007f50b64ccaf0:   00000007900f6bf8 00000007900f6cc8
0x00007f50b64ccb00:   0000000000000022 0000000000000001
0x00007f50b64ccb10:   00000007900f6bb0 00007f512d5ab824
0x00007f50b64ccb20:   0000002200000022 00000007900f6ce8
0x00007f50b64ccb30:   000000000000005b 0000000000000058
0x00007f50b64ccb40:   00000007900f6bb0 00007f512e2cda90
0x00007f50b64ccb50:   00000007900f71f0 00000007900ebe30
0x00007f50b64ccb60:   00007f50b64ccc00 00000000000003d8
0x00007f50b64ccb70:   000000079fbb5348 00007f512e24f50c
0x00007f50b64ccb80:   00000000f201ee06 00007f512d36d46d
0x00007f50b64ccb90:   00000007900f6eb0 00007f513d199640
0x00007f50b64ccba0:   00007f512e9f8450 00000007900f6eb0
0x00007f50b64ccbb0:   00000007900f6bf8 00007f513d22b000
0x00007f50b64ccbc0:   00000007900f6bb0 00007f50b64ccc20 

Instructions: (pc=0x00007f51413fdd10)
0x00007f51413fdcf0:   00 00 00 48 c7 40 28 00 00 00 00 4d 8b 24 24 0f
0x00007f51413fdd00:   84 1b 01 00 00 4c 2b 63 28 4c 8b 7b 18 4d 01 e7
0x00007f51413fdd10:   41 0f b7 47 1e 45 0f b7 6f 1c 45 31 e4 66 89 45
0x00007f51413fdd20:   ca 41 0f b7 47 20 44 89 ea 66 89 45 c8 41 8b 47 

Register to memory mapping:

RAX=0x00007f507c46fe30 is an unknown value
RBX=0x00007f507c4e7cc0 is an unknown value
RCX=0x00007f507c0008d0 is an unknown value
RDX=0x00007f507c46fe30 is an unknown value
RSP=0x00007f50b64cc9d0 is pointing into the stack for thread: 0x00007f513d16a800
RBP=0x00007f50b64cca40 is pointing into the stack for thread: 0x00007f513d16a800
RSI=0x00007f507c0008e8 is an unknown value
RDI=0x00007f507c65bee0 is an unknown value
R8 =0x00000000fd5fe79e is an unknown value
R9 =0x0000000000000028 is an unknown value
R10=0x00007f512d1f65d8 is at entry_point+88 in (nmethod*)0x00007f512d1f6410
R11=0x00000007900f7810 is an oop
