#
# A fatal error has been detected by the Java Runtime Environment:
#
#  SIGBUS (0x7) at pc=0x00007f1ad1e5cd10, pid=14888, tid=0x00007f1aa6aec700
#
# JRE version: Java(TM) SE Runtime Environment (8.0_201-b09) (build 1.8.0_201-b09)
# Java VM: Java HotSpot(TM) 64-Bit Server VM (25.201-b09 mixed mode linux-amd64 compressed oops)
# Problematic frame:
# C  [libzip.so+0x11d10]  newEntry.isra.4+0x60
#
# Failed to write core dump. Core dumps have been disabled. To enable core dumping, try "ulimit -c unlimited" before starting Java again
#
# If you would like to submit a bug report, please visit:
#   http://bugreport.java.com/bugreport/crash.jsp
# The crash happened outside the Java Virtual Machine in native code.
# See problematic frame for where to report the bug.
#

---------------  T H R E A D  ---------------

Current thread (0x00007f19fc001000):  JavaThread "payara-executor-service-scheduled-task" [_thread_in_native, id=14933, stack(0x00007f1aa69ec000,0x00007f1aa6aed000)]

siginfo: si_signo: 7 (SIGBUS), si_code: 2 (BUS_ADRERR), si_addr: 0x00007f1ab404e316

Registers:
RAX=0x00007f1a0052fe20, RBX=0x00007f1a002392a0, RCX=0x00007f1a000008d0, RDX=0x00007f1a0052fe20
RSP=0x00007f1aa6ae73d0, RBP=0x00007f1aa6ae7440, RSI=0x00007f1a000008e8, RDI=0x00007f1a0052fe70
R8 =0x000000003ea999a6, R9 =0x0000000000000034, R10=0x00007f1abd1f8c18, R11=0x0000000783d5ea00
R12=0x00000000000092f8, R13=0x000000003ea999a6, R14=0x00007f1a0052fe20, R15=0x00007f1ab404e2f8
RIP=0x00007f1ad1e5cd10, EFLAGS=0x0000000000010202, CSGSFS=0x002b000000000033, ERR=0x0000000000000004
  TRAPNO=0x000000000000000e

Top of Stack: (sp=0x00007f1aa6ae73d0)
0x00007f1aa6ae73d0:   0000000783d52060 0000000783d5da60
0x00007f1aa6ae73e0:   0000000000000000 00007f1ad3d09a76
0x00007f1aa6ae73f0:   0000000000000000 00007f1ad3d09aeb
0x00007f1aa6ae7400:   00007f1aa6ae7450 00000000d3b596e1
0x00007f1aa6ae7410:   0000000000000034 00007f1a00294780
0x00007f1aa6ae7420:   0000000000000034 000000003ea999a6
0x00007f1aa6ae7430:   00007f1a002392a0 00007f1a0052e350
0x00007f1aa6ae7440:   00007f1aa6ae7490 00007f1ad1e5d9fe
0x00007f1aa6ae7450:   01007f1a00000034 00007f1aa6ae74b0
0x00007f1aa6ae7460:   0000000783d52500 0000000000000034
0x00007f1aa6ae7470:   00007f19fc0011f8 00007f1aa6ae7908
0x00007f1aa6ae7480:   00007f1aa6ae74b0 00007f1a002392a0
0x00007f1aa6ae7490:   00007f1aa6ae78f0 00007f1ad1e4ea75
0x00007f1aa6ae74a0:   00007f1aa6ae74c0 00007f1a00000001
0x00007f1aa6ae74b0:   6d6972702f67726f 632f736563616665
0x00007f1aa6ae74c0:   746e656e6f706d6f 6172442f646e642f
0x00007f1aa6ae74d0:   6552656c62616767 632e72657265646e
0x00007f1aa6ae74e0:   000000007373616c 0000000783d5dbe0
0x00007f1aa6ae74f0:   0000000000000022 0000000000000001
0x00007f1aa6ae7500:   0000001600000064 f07abba4f07abb80
0x00007f1aa6ae7510:   0000000783d5dac8 00007f1abd5388e4
0x00007f1aa6ae7520:   0000000783d5dc00 0000000000000058
0x00007f1aa6ae7530:   000000000000000b 0000000000000009
0x00007f1aa6ae7540:   0000000783d5dac8 00007f1abe792210
0x00007f1aa6ae7550:   0000000783d5e168 00007f1abc0646d8
0x00007f1aa6ae7560:   00007f1a703804b0 00007f1a70380888
0x00007f1aa6ae7570:   00007f1aa6ae8210 00007f1abda0990c
0x00007f1aa6ae7580:   00000000f07abbec 00007f1abd12bbed
0x00007f1aa6ae7590:   0000000783d5ddc8 00007f1a703804a0
0x00007f1aa6ae75a0:   0101000700000400 0000000783d5ddc8
0x00007f1aa6ae75b0:   0000000783d5db10 00007f1acdc8a000
0x00007f1aa6ae75c0:   0000000783d5dac8 00007f1a00000000 

Instructions: (pc=0x00007f1ad1e5cd10)
0x00007f1ad1e5ccf0:   00 00 00 48 c7 40 28 00 00 00 00 4d 8b 24 24 0f
0x00007f1ad1e5cd00:   84 1b 01 00 00 4c 2b 63 28 4c 8b 7b 18 4d 01 e7
0x00007f1ad1e5cd10:   41 0f b7 47 1e 45 0f b7 6f 1c 45 31 e4 66 89 45
0x00007f1ad1e5cd20:   ca 41 0f b7 47 20 44 89 ea 66 89 45 c8 41 8b 47 

Register to memory mapping:

RAX=0x00007f1a0052fe20 is an unknown value
RBX=0x00007f1a002392a0 is an unknown value
RCX=0x00007f1a000008d0 is an unknown value
RDX=0x00007f1a0052fe20 is an unknown value
RSP=0x00007f1aa6ae73d0 is pointing into the stack for thread: 0x00007f19fc001000
RBP=0x00007f1aa6ae7440 is pointing into the stack for thread: 0x00007f19fc001000
RSI=0x00007f1a000008e8 is an unknown value
RDI=0x00007f1a0052fe70 is an unknown value
R8 =0x000000003ea999a6 is an unknown value
R9 =0x0000000000000034 is an unknown value
R10=0x00007f1abd1f8c18 is at entry_point+88 in (nmethod*)0x00007f1abd1f8a50
R11=0x0000000783d5ea00 is an oop
